     1 00000000                                 [FORMAT "WCOFF"]
     2 00000000                                 [INSTRSET "i486p"]
     3 00000000                                 [OPTIMIZE 1]
     4 00000000                                 [OPTION 1]
     5 00000000                                 [BITS 32]
     6 00000000                                 	EXTERN	_hankaku
     7 00000000                                 	EXTERN	_io_load_eflags
     8 00000000                                 	EXTERN	_io_cli
     9 00000000                                 	EXTERN	_io_out8
    10 00000000                                 	EXTERN	_io_store_eflags
    11 00000000                                 [FILE "graphic.c"]
    12                                          [SECTION .text]
    13 00000000                                 	GLOBAL	_init_screen8
    14 00000000                                 _init_screen8:
    15 00000000 55                              	PUSH	EBP
    16 00000001 89 E5                           	MOV	EBP,ESP
    17 00000003 57                              	PUSH	EDI
    18 00000004 56                              	PUSH	ESI
    19 00000005 53                              	PUSH	EBX
    20 00000006 8B 75 0C                        	MOV	ESI,DWORD [12+EBP]
    21 00000009 8B 5D 10                        	MOV	EBX,DWORD [16+EBP]
    22 0000000C 8B 7D 08                        	MOV	EDI,DWORD [8+EBP]
    23 0000000F 53                              	PUSH	EBX
    24 00000010 56                              	PUSH	ESI
    25 00000011 6A 00                           	PUSH	0
    26 00000013 6A 00                           	PUSH	0
    27 00000015 6A 08                           	PUSH	8
    28 00000017 56                              	PUSH	ESI
    29 00000018 57                              	PUSH	EDI
    30 00000019 E8 000001B4                     	CALL	_boxfill8
    31 0000001E 53                              	PUSH	EBX
    32 0000001F 56                              	PUSH	ESI
    33 00000020 83 EB 0A                        	SUB	EBX,10
    34 00000023 53                              	PUSH	EBX
    35 00000024 6A 00                           	PUSH	0
    36 00000026 6A 0F                           	PUSH	15
    37 00000028 56                              	PUSH	ESI
    38 00000029 57                              	PUSH	EDI
    39 0000002A E8 000001A3                     	CALL	_boxfill8
    40 0000002F 8D 65 F4                        	LEA	ESP,DWORD [-12+EBP]
    41 00000032 5B                              	POP	EBX
    42 00000033 5E                              	POP	ESI
    43 00000034 5F                              	POP	EDI
    44 00000035 5D                              	POP	EBP
    45 00000036 C3                              	RET
    46 00000037                                 	GLOBAL	_putfont8
    47 00000037                                 _putfont8:
    48 00000037 55                              	PUSH	EBP
    49 00000038 89 E5                           	MOV	EBP,ESP
    50 0000003A 57                              	PUSH	EDI
    51 0000003B 56                              	PUSH	ESI
    52 0000003C 31 F6                           	XOR	ESI,ESI
    53 0000003E 53                              	PUSH	EBX
    54 0000003F 8B 7D 1C                        	MOV	EDI,DWORD [28+EBP]
    55 00000042 8A 5D 18                        	MOV	BL,BYTE [24+EBP]
    56 00000045                                 L15:
    57 00000045 8B 45 14                        	MOV	EAX,DWORD [20+EBP]
    58 00000048 8B 55 10                        	MOV	EDX,DWORD [16+EBP]
    59 0000004B 01 F0                           	ADD	EAX,ESI
    60 0000004D 0F AF 45 0C                     	IMUL	EAX,DWORD [12+EBP]
    61 00000051 03 45 08                        	ADD	EAX,DWORD [8+EBP]
    62 00000054 8D 0C 02                        	LEA	ECX,DWORD [EDX+EAX*1]
    63 00000057 8A 14 3E                        	MOV	DL,BYTE [ESI+EDI*1]
    64 0000005A 84 D2                           	TEST	DL,DL
    65 0000005C 79 02                           	JNS	L7
    66 0000005E 88 19                           	MOV	BYTE [ECX],BL
    67 00000060                                 L7:
    68 00000060 88 D0                           	MOV	AL,DL
    69 00000062 83 E0 40                        	AND	EAX,64
    70 00000065 84 C0                           	TEST	AL,AL
    71 00000067 74 03                           	JE	L8
    72 00000069 88 59 01                        	MOV	BYTE [1+ECX],BL
    73 0000006C                                 L8:
    74 0000006C 88 D0                           	MOV	AL,DL
    75 0000006E 83 E0 20                        	AND	EAX,32
    76 00000071 84 C0                           	TEST	AL,AL
    77 00000073 74 03                           	JE	L9
    78 00000075 88 59 02                        	MOV	BYTE [2+ECX],BL
    79 00000078                                 L9:
    80 00000078 88 D0                           	MOV	AL,DL
    81 0000007A 83 E0 10                        	AND	EAX,16
    82 0000007D 84 C0                           	TEST	AL,AL
    83 0000007F 74 03                           	JE	L10
    84 00000081 88 59 03                        	MOV	BYTE [3+ECX],BL
    85 00000084                                 L10:
    86 00000084 88 D0                           	MOV	AL,DL
    87 00000086 83 E0 08                        	AND	EAX,8
    88 00000089 84 C0                           	TEST	AL,AL
    89 0000008B 74 03                           	JE	L11
    90 0000008D 88 59 04                        	MOV	BYTE [4+ECX],BL
    91 00000090                                 L11:
    92 00000090 88 D0                           	MOV	AL,DL
    93 00000092 83 E0 04                        	AND	EAX,4
    94 00000095 84 C0                           	TEST	AL,AL
    95 00000097 74 03                           	JE	L12
    96 00000099 88 59 05                        	MOV	BYTE [5+ECX],BL
    97 0000009C                                 L12:
    98 0000009C 88 D0                           	MOV	AL,DL
    99 0000009E 83 E0 02                        	AND	EAX,2
   100 000000A1 84 C0                           	TEST	AL,AL
   101 000000A3 74 03                           	JE	L13
   102 000000A5 88 59 06                        	MOV	BYTE [6+ECX],BL
   103 000000A8                                 L13:
   104 000000A8 83 E2 01                        	AND	EDX,1
   105 000000AB 84 D2                           	TEST	DL,DL
   106 000000AD 74 03                           	JE	L5
   107 000000AF 88 59 07                        	MOV	BYTE [7+ECX],BL
   108 000000B2                                 L5:
   109 000000B2 46                              	INC	ESI
   110 000000B3 83 FE 0F                        	CMP	ESI,15
   111 000000B6 7E 8D                           	JLE	L15
   112 000000B8 5B                              	POP	EBX
   113 000000B9 5E                              	POP	ESI
   114 000000BA 5F                              	POP	EDI
   115 000000BB 5D                              	POP	EBP
   116 000000BC C3                              	RET
   117 000000BD                                 	GLOBAL	_putfonts8_asc
   118 000000BD                                 _putfonts8_asc:
   119 000000BD 55                              	PUSH	EBP
   120 000000BE 89 E5                           	MOV	EBP,ESP
   121 000000C0 57                              	PUSH	EDI
   122 000000C1 56                              	PUSH	ESI
   123 000000C2 53                              	PUSH	EBX
   124 000000C3 50                              	PUSH	EAX
   125 000000C4 8B 5D 1C                        	MOV	EBX,DWORD [28+EBP]
   126 000000C7 8A 45 18                        	MOV	AL,BYTE [24+EBP]
   127 000000CA 88 45 F3                        	MOV	BYTE [-13+EBP],AL
   128 000000CD 8B 75 10                        	MOV	ESI,DWORD [16+EBP]
   129 000000D0 8B 7D 14                        	MOV	EDI,DWORD [20+EBP]
   130 000000D3 80 3B 00                        	CMP	BYTE [EBX],0
   131 000000D6 75 08                           	JNE	L23
   132 000000D8                                 L25:
   133 000000D8 8D 65 F4                        	LEA	ESP,DWORD [-12+EBP]
   134 000000DB 5B                              	POP	EBX
   135 000000DC 5E                              	POP	ESI
   136 000000DD 5F                              	POP	EDI
   137 000000DE 5D                              	POP	EBP
   138 000000DF C3                              	RET
   139 000000E0                                 L23:
   140 000000E0 0F B6 03                        	MOVZX	EAX,BYTE [EBX]
   141 000000E3 C1 E0 04                        	SAL	EAX,4
   142 000000E6 43                              	INC	EBX
   143 000000E7 05 [00000000]                   	ADD	EAX,_hankaku
   144 000000EC 50                              	PUSH	EAX
   145 000000ED 0F BE 45 F3                     	MOVSX	EAX,BYTE [-13+EBP]
   146 000000F1 50                              	PUSH	EAX
   147 000000F2 57                              	PUSH	EDI
   148 000000F3 56                              	PUSH	ESI
   149 000000F4 83 C6 08                        	ADD	ESI,8
   150 000000F7 FF 75 0C                        	PUSH	DWORD [12+EBP]
   151 000000FA FF 75 08                        	PUSH	DWORD [8+EBP]
   152 000000FD E8 FFFFFF35                     	CALL	_putfont8
   153 00000102 83 C4 18                        	ADD	ESP,24
   154 00000105 80 3B 00                        	CMP	BYTE [EBX],0
   155 00000108 75 D6                           	JNE	L23
   156 0000010A EB CC                           	JMP	L25
   157                                          [SECTION .data]
   158 00000000                                 _cursor.0:
   159 00000000 2A 2A 2A 2A 2A 2A 2A 2A 2A 2A   	DB	"**************.."
       0000000A 2A 2A 2A 2A 2E 2E 
   160 00000010 2A 2A 2A 2A 2A 2A 2A 2A 2A 2A   	DB	"*************..."
       0000001A 2A 2A 2A 2E 2E 2E 
   161 00000020 2A 2A 2A 2A 2A 2A 2A 2A 2A 2A   	DB	"************...."
       0000002A 2A 2A 2E 2E 2E 2E 
   162 00000030 2A 2A 2A 2A 2A 2A 2A 2A 2A 2A   	DB	"***********....."
       0000003A 2A 2E 2E 2E 2E 2E 
   163 00000040 2A 2A 2A 2A 2A 2A 2A 2A 2A 2A   	DB	"**********......"
       0000004A 2E 2E 2E 2E 2E 2E 
   164 00000050 2A 2A 2A 2A 2A 2A 2A 2A 2A 2E   	DB	"*********......."
       0000005A 2E 2E 2E 2E 2E 2E 
   165 00000060 2A 2A 2A 2A 2A 2A 2A 2A 2A 2E   	DB	"*********......."
       0000006A 2E 2E 2E 2E 2E 2E 
   166 00000070 2A 2A 2A 2A 2A 2A 2A 2A 2A 2A   	DB	"**********......"
       0000007A 2E 2E 2E 2E 2E 2E 
   167 00000080 2A 2A 2A 2A 2A 2A 2A 2A 2A 2A   	DB	"***********....."
       0000008A 2A 2E 2E 2E 2E 2E 
   168 00000090 2A 2A 2A 2A 2A 2E 2E 2A 2A 2A   	DB	"*****..*****...."
       0000009A 2A 2A 2E 2E 2E 2E 
   169 000000A0 2A 2A 2A 2A 2E 2E 2E 2E 2A 2A   	DB	"****....*****..."
       000000AA 2A 2A 2A 2E 2E 2E 
   170 000000B0 2A 2A 2A 2E 2E 2E 2E 2E 2E 2A   	DB	"***......*****.."
       000000BA 2A 2A 2A 2A 2E 2E 
   171 000000C0 2A 2A 2E 2E 2E 2E 2E 2E 2E 2E   	DB	"**........*****."
       000000CA 2A 2A 2A 2A 2A 2E 
   172 000000D0 2A 2E 2E 2E 2E 2E 2E 2E 2E 2E   	DB	"*..........*****"
       000000DA 2E 2A 2A 2A 2A 2A 
   173 000000E0 2E 2E 2E 2E 2E 2E 2E 2E 2E 2E   	DB	"............****"
       000000EA 2E 2E 2A 2A 2A 2A 
   174 000000F0 2E 2E 2E 2E 2E 2E 2E 2E 2E 2E   	DB	".............***"
       000000FA 2E 2E 2E 2A 2A 2A 
   175                                          [SECTION .text]
   176 0000010C                                 	GLOBAL	_init_mouse_cursor8
   177 0000010C                                 _init_mouse_cursor8:
   178 0000010C 55                              	PUSH	EBP
   179 0000010D 89 E5                           	MOV	EBP,ESP
   180 0000010F 57                              	PUSH	EDI
   181 00000110 56                              	PUSH	ESI
   182 00000111 31 FF                           	XOR	EDI,EDI
   183 00000113 53                              	PUSH	EBX
   184 00000114 31 DB                           	XOR	EBX,EBX
   185 00000116 51                              	PUSH	ECX
   186 00000117 8A 45 0C                        	MOV	AL,BYTE [12+EBP]
   187 0000011A 8B 75 08                        	MOV	ESI,DWORD [8+EBP]
   188 0000011D 88 45 F3                        	MOV	BYTE [-13+EBP],AL
   189 00000120                                 L39:
   190 00000120 31 D2                           	XOR	EDX,EDX
   191 00000122                                 L38:
   192 00000122 8D 04 3A                        	LEA	EAX,DWORD [EDX+EDI*1]
   193 00000125 80 B8 [00000000] 2A             	CMP	BYTE [_cursor.0+EAX],42
   194 0000012C 74 35                           	JE	L44
   195 0000012E                                 L35:
   196 0000012E 80 B8 [00000000] 4F             	CMP	BYTE [_cursor.0+EAX],79
   197 00000135 74 26                           	JE	L45
   198 00000137                                 L36:
   199 00000137 80 B8 [00000000] 2E             	CMP	BYTE [_cursor.0+EAX],46
   200 0000013E 74 15                           	JE	L46
   201 00000140                                 L33:
   202 00000140 42                              	INC	EDX
   203 00000141 83 FA 0F                        	CMP	EDX,15
   204 00000144 7E DC                           	JLE	L38
   205 00000146 43                              	INC	EBX
   206 00000147 83 C7 10                        	ADD	EDI,16
   207 0000014A 83 FB 0F                        	CMP	EBX,15
   208 0000014D 7E D1                           	JLE	L39
   209 0000014F 5A                              	POP	EDX
   210 00000150 5B                              	POP	EBX
   211 00000151 5E                              	POP	ESI
   212 00000152 5F                              	POP	EDI
   213 00000153 5D                              	POP	EBP
   214 00000154 C3                              	RET
   215 00000155                                 L46:
   216 00000155 8A 4D F3                        	MOV	CL,BYTE [-13+EBP]
   217 00000158 88 0C 30                        	MOV	BYTE [EAX+ESI*1],CL
   218 0000015B EB E3                           	JMP	L33
   219 0000015D                                 L45:
   220 0000015D C6 04 30 07                     	MOV	BYTE [EAX+ESI*1],7
   221 00000161 EB D4                           	JMP	L36
   222 00000163                                 L44:
   223 00000163 C6 04 30 00                     	MOV	BYTE [EAX+ESI*1],0
   224 00000167 EB C5                           	JMP	L35
   225 00000169                                 	GLOBAL	_putblock8_8
   226 00000169                                 _putblock8_8:
   227 00000169 55                              	PUSH	EBP
   228 0000016A 89 E5                           	MOV	EBP,ESP
   229 0000016C 57                              	PUSH	EDI
   230 0000016D 56                              	PUSH	ESI
   231 0000016E 31 F6                           	XOR	ESI,ESI
   232 00000170 53                              	PUSH	EBX
   233 00000171 83 EC 0C                        	SUB	ESP,12
   234 00000174 3B 75 14                        	CMP	ESI,DWORD [20+EBP]
   235 00000177 7D 3E                           	JGE	L59
   236 00000179 31 FF                           	XOR	EDI,EDI
   237 0000017B                                 L57:
   238 0000017B 31 DB                           	XOR	EBX,EBX
   239 0000017D 3B 5D 10                        	CMP	EBX,DWORD [16+EBP]
   240 00000180 7D 2C                           	JGE	L61
   241 00000182 8B 45 20                        	MOV	EAX,DWORD [32+EBP]
   242 00000185 01 F8                           	ADD	EAX,EDI
   243 00000187 89 45 EC                        	MOV	DWORD [-20+EBP],EAX
   244 0000018A                                 L56:
   245 0000018A 8B 45 1C                        	MOV	EAX,DWORD [28+EBP]
   246 0000018D 8B 55 18                        	MOV	EDX,DWORD [24+EBP]
   247 00000190 01 F0                           	ADD	EAX,ESI
   248 00000192 01 DA                           	ADD	EDX,EBX
   249 00000194 0F AF 45 0C                     	IMUL	EAX,DWORD [12+EBP]
   250 00000198 01 D0                           	ADD	EAX,EDX
   251 0000019A 8B 4D 08                        	MOV	ECX,DWORD [8+EBP]
   252 0000019D 8B 55 EC                        	MOV	EDX,DWORD [-20+EBP]
   253 000001A0 43                              	INC	EBX
   254 000001A1 8A 12                           	MOV	DL,BYTE [EDX]
   255 000001A3 88 14 08                        	MOV	BYTE [EAX+ECX*1],DL
   256 000001A6 FF 45 EC                        	INC	DWORD [-20+EBP]
   257 000001A9 3B 5D 10                        	CMP	EBX,DWORD [16+EBP]
   258 000001AC 7C DC                           	JL	L56
   259 000001AE                                 L61:
   260 000001AE 46                              	INC	ESI
   261 000001AF 03 7D 24                        	ADD	EDI,DWORD [36+EBP]
   262 000001B2 3B 75 14                        	CMP	ESI,DWORD [20+EBP]
   263 000001B5 7C C4                           	JL	L57
   264 000001B7                                 L59:
   265 000001B7 83 C4 0C                        	ADD	ESP,12
   266 000001BA 5B                              	POP	EBX
   267 000001BB 5E                              	POP	ESI
   268 000001BC 5F                              	POP	EDI
   269 000001BD 5D                              	POP	EBP
   270 000001BE C3                              	RET
   271                                          [SECTION .data]
   272 00000100                                 _table_rgb.1:
   273 00000100 00                              	DB	0
   274 00000101 00                              	DB	0
   275 00000102 00                              	DB	0
   276 00000103 FF                              	DB	-1
   277 00000104 00                              	DB	0
   278 00000105 00                              	DB	0
   279 00000106 00                              	DB	0
   280 00000107 FF                              	DB	-1
   281 00000108 00                              	DB	0
   282 00000109 FF                              	DB	-1
   283 0000010A FF                              	DB	-1
   284 0000010B 00                              	DB	0
   285 0000010C 00                              	DB	0
   286 0000010D 00                              	DB	0
   287 0000010E FF                              	DB	-1
   288 0000010F FF                              	DB	-1
   289 00000110 00                              	DB	0
   290 00000111 FF                              	DB	-1
   291 00000112 00                              	DB	0
   292 00000113 FF                              	DB	-1
   293 00000114 FF                              	DB	-1
   294 00000115 FF                              	DB	-1
   295 00000116 FF                              	DB	-1
   296 00000117 FF                              	DB	-1
   297 00000118 C6                              	DB	-58
   298 00000119 C6                              	DB	-58
   299 0000011A C6                              	DB	-58
   300 0000011B 84                              	DB	-124
   301 0000011C 00                              	DB	0
   302 0000011D 00                              	DB	0
   303 0000011E 00                              	DB	0
   304 0000011F 84                              	DB	-124
   305 00000120 00                              	DB	0
   306 00000121 84                              	DB	-124
   307 00000122 84                              	DB	-124
   308 00000123 00                              	DB	0
   309 00000124 00                              	DB	0
   310 00000125 00                              	DB	0
   311 00000126 84                              	DB	-124
   312 00000127 84                              	DB	-124
   313 00000128 00                              	DB	0
   314 00000129 84                              	DB	-124
   315 0000012A 00                              	DB	0
   316 0000012B 84                              	DB	-124
   317 0000012C 84                              	DB	-124
   318 0000012D 84                              	DB	-124
   319 0000012E 84                              	DB	-124
   320 0000012F 84                              	DB	-124
   321                                          [SECTION .text]
   322 000001BF                                 	GLOBAL	_init_palette
   323 000001BF                                 _init_palette:
   324 000001BF 55                              	PUSH	EBP
   325 000001C0 89 E5                           	MOV	EBP,ESP
   326 000001C2 68 [00000100]                   	PUSH	_table_rgb.1
   327 000001C7 6A 0F                           	PUSH	15
   328 000001C9 6A 00                           	PUSH	0
   329 000001CB E8 00000053                     	CALL	_set_palette
   330 000001D0 C9                              	LEAVE
   331 000001D1 C3                              	RET
   332 000001D2                                 	GLOBAL	_boxfill8
   333 000001D2                                 _boxfill8:
   334 000001D2 55                              	PUSH	EBP
   335 000001D3 89 E5                           	MOV	EBP,ESP
   336 000001D5 57                              	PUSH	EDI
   337 000001D6 56                              	PUSH	ESI
   338 000001D7 53                              	PUSH	EBX
   339 000001D8 57                              	PUSH	EDI
   340 000001D9 57                              	PUSH	EDI
   341 000001DA 8A 45 10                        	MOV	AL,BYTE [16+EBP]
   342 000001DD 8B 4D 18                        	MOV	ECX,DWORD [24+EBP]
   343 000001E0 8B 7D 1C                        	MOV	EDI,DWORD [28+EBP]
   344 000001E3 88 45 F3                        	MOV	BYTE [-13+EBP],AL
   345 000001E6 3B 4D 20                        	CMP	ECX,DWORD [32+EBP]
   346 000001E9 7F 31                           	JG	L75
   347 000001EB 8B 5D 0C                        	MOV	EBX,DWORD [12+EBP]
   348 000001EE 0F AF D9                        	IMUL	EBX,ECX
   349 000001F1                                 L73:
   350 000001F1 8B 55 14                        	MOV	EDX,DWORD [20+EBP]
   351 000001F4 39 FA                           	CMP	EDX,EDI
   352 000001F6 7F 1B                           	JG	L77
   353 000001F8 8B 75 08                        	MOV	ESI,DWORD [8+EBP]
   354 000001FB 01 DE                           	ADD	ESI,EBX
   355 000001FD 01 D6                           	ADD	ESI,EDX
   356 000001FF 89 75 EC                        	MOV	DWORD [-20+EBP],ESI
   357 00000202                                 L72:
   358 00000202 8B 75 EC                        	MOV	ESI,DWORD [-20+EBP]
   359 00000205 8A 45 F3                        	MOV	AL,BYTE [-13+EBP]
   360 00000208 42                              	INC	EDX
   361 00000209 88 06                           	MOV	BYTE [ESI],AL
   362 0000020B 46                              	INC	ESI
   363 0000020C 89 75 EC                        	MOV	DWORD [-20+EBP],ESI
   364 0000020F 39 FA                           	CMP	EDX,EDI
   365 00000211 7E EF                           	JLE	L72
   366 00000213                                 L77:
   367 00000213 41                              	INC	ECX
   368 00000214 03 5D 0C                        	ADD	EBX,DWORD [12+EBP]
   369 00000217 3B 4D 20                        	CMP	ECX,DWORD [32+EBP]
   370 0000021A 7E D5                           	JLE	L73
   371 0000021C                                 L75:
   372 0000021C 5B                              	POP	EBX
   373 0000021D 5E                              	POP	ESI
   374 0000021E 5B                              	POP	EBX
   375 0000021F 5E                              	POP	ESI
   376 00000220 5F                              	POP	EDI
   377 00000221 5D                              	POP	EBP
   378 00000222 C3                              	RET
   379 00000223                                 	GLOBAL	_set_palette
   380 00000223                                 _set_palette:
   381 00000223 55                              	PUSH	EBP
   382 00000224 89 E5                           	MOV	EBP,ESP
   383 00000226 57                              	PUSH	EDI
   384 00000227 56                              	PUSH	ESI
   385 00000228 53                              	PUSH	EBX
   386 00000229 51                              	PUSH	ECX
   387 0000022A 8B 5D 08                        	MOV	EBX,DWORD [8+EBP]
   388 0000022D 8B 7D 0C                        	MOV	EDI,DWORD [12+EBP]
   389 00000230 8B 75 10                        	MOV	ESI,DWORD [16+EBP]
   390 00000233 E8 [00000000]                   	CALL	_io_load_eflags
   391 00000238 89 45 F0                        	MOV	DWORD [-16+EBP],EAX
   392 0000023B E8 [00000000]                   	CALL	_io_cli
   393 00000240 53                              	PUSH	EBX
   394 00000241 68 000003C8                     	PUSH	968
   395 00000246 E8 [00000000]                   	CALL	_io_out8
   396 0000024B 39 FB                           	CMP	EBX,EDI
   397 0000024D 58                              	POP	EAX
   398 0000024E 5A                              	POP	EDX
   399 0000024F 7E 12                           	JLE	L83
   400 00000251                                 L85:
   401 00000251 8B 45 F0                        	MOV	EAX,DWORD [-16+EBP]
   402 00000254 89 45 08                        	MOV	DWORD [8+EBP],EAX
   403 00000257 8D 65 F4                        	LEA	ESP,DWORD [-12+EBP]
   404 0000025A 5B                              	POP	EBX
   405 0000025B 5E                              	POP	ESI
   406 0000025C 5F                              	POP	EDI
   407 0000025D 5D                              	POP	EBP
   408 0000025E E9 [00000000]                   	JMP	_io_store_eflags
   409 00000263                                 L83:
   410 00000263 8A 06                           	MOV	AL,BYTE [ESI]
   411 00000265 43                              	INC	EBX
   412 00000266 C0 E8 02                        	SHR	AL,2
   413 00000269 0F B6 C0                        	MOVZX	EAX,AL
   414 0000026C 50                              	PUSH	EAX
   415 0000026D 68 000003C9                     	PUSH	969
   416 00000272 E8 [00000000]                   	CALL	_io_out8
   417 00000277 8A 46 01                        	MOV	AL,BYTE [1+ESI]
   418 0000027A C0 E8 02                        	SHR	AL,2
   419 0000027D 0F B6 C0                        	MOVZX	EAX,AL
   420 00000280 50                              	PUSH	EAX
   421 00000281 68 000003C9                     	PUSH	969
   422 00000286 E8 [00000000]                   	CALL	_io_out8
   423 0000028B 8A 46 02                        	MOV	AL,BYTE [2+ESI]
   424 0000028E C0 E8 02                        	SHR	AL,2
   425 00000291 83 C6 03                        	ADD	ESI,3
   426 00000294 0F B6 C0                        	MOVZX	EAX,AL
   427 00000297 50                              	PUSH	EAX
   428 00000298 68 000003C9                     	PUSH	969
   429 0000029D E8 [00000000]                   	CALL	_io_out8
   430 000002A2 83 C4 18                        	ADD	ESP,24
   431 000002A5 39 FB                           	CMP	EBX,EDI
   432 000002A7 7E BA                           	JLE	L83
   433 000002A9 EB A6                           	JMP	L85
