     1 00000000                                 ; hello-os
     2 00000000                                 ; TAB=4
     3 00000000                                 
     4                                          	ORG		0x7C00
     5 00007C00                                 
     6 00007C00                                 ; 以下は標準的なFAT12フォーマットフロッピーディスクのために記述
     7 00007C00 EB 4E                           	JMP		entry
     8 00007C02 90                              	DB		0x90
     9 00007C03 43 41 4E 4F 50 55 53 20         	DB		"CANOPUS "
    10 00007C0B 0200                            	DW		512
    11 00007C0D 01                              	DB		1
    12 00007C0E 0001                            	DW		1
    13 00007C10 02                              	DB		2
    14 00007C11 00E0                            	DW		224
    15 00007C13 0B40                            	DW		2880
    16 00007C15 F0                              	DB		0xF0
    17 00007C16 0009                            	DW		9
    18 00007C18 0012                            	DW		18
    19 00007C1A 0002                            	DW		2
    20 00007C1C 00000000                        	DD		0
    21 00007C20 00000B40                        	DD		2880
    22 00007C24 00 00 29                        	DB		0, 0, 0x29
    23 00007C27 FFFFFFFF                        	DD		0xFFFFFFFF
    24 00007C2B 43 41 4E 4F 50 55 53 20 20 20   	DB		"CANOPUS    "
       00007C35 20 
    25 00007C36 46 41 54 31 32 20 20 20         	DB		"FAT12   "
    26 00007C3E 00 00 00 00 00 00 00 00 00 00   	RESB	18
       00007C48 00 00 00 00 00 00 00 00 
    27 00007C50                                 
    28 00007C50                                 ; プログラム本体
    29 00007C50                                 entry:
    30 00007C50 B8 0000                         	MOV		AX, 0
    31 00007C53 8E D0                           	MOV		SS, AX
    32 00007C55 BC 7C00                         	MOV		SP, 0x7C00
    33 00007C58 8E D8                           	MOV		DS, AX
    34 00007C5A                                 	
    35 00007C5A                                 ; ディスクを読む
    36 00007C5A B8 0820                             MOV     AX, 0x0820
    37 00007C5D 8E C0                               MOV     ES, AX
    38 00007C5F B5 00                               MOV     CH, 0
    39 00007C61 B6 00                               MOV     DH, 0
    40 00007C63 B1 02                               MOV     CL, 2
    41 00007C65                                     
    42 00007C65                                 readloop:
    43 00007C65 BE 0000                             MOV     SI, 0
    44 00007C68                                     
    45 00007C68                                 retry:
    46 00007C68 B4 02                               MOV     AH, 0x02
    47 00007C6A B0 01                               MOV     AL, 1
    48 00007C6C BB 0000                             MOV     BX, 0
    49 00007C6F B2 00                               MOV     DL, 0x00
    50 00007C71 CD 13                               INT     0x13
    51 00007C73 73 10                               JNC     next
    52 00007C75 83 C6 01                            ADD     SI, 1
    53 00007C78 83 FE 05                            CMP     SI, 5
    54 00007C7B 73 31                               JAE     error
    55 00007C7D B4 00                               MOV     AH, 0x00
    56 00007C7F B2 00                               MOV     DL, 0x00
    57 00007C81 CD 13                               INT     0x13
    58 00007C83 EB E3                               JMP     retry
    59 00007C85                                     
    60 00007C85                                 next:
    61 00007C85 8C C0                               MOV     AX, ES
    62 00007C87 05 0020                             ADD     AX, 0x0020
    63 00007C8A 8E C0                               MOV     ES, AX
    64 00007C8C 80 C1 01                            ADD     CL, 1
    65 00007C8F 80 F9 12                            CMP     CL, 18
    66 00007C92 76 D1                               JBE     readloop
    67 00007C94 B1 01                               MOV     CL, 1
    68 00007C96 80 C6 01                            ADD     DH, 1
    69 00007C99 80 FE 02                            CMP     DH, 2
    70 00007C9C 72 C7                               JB      readloop
    71 00007C9E B6 00                               MOV     DH, 0
    72 00007CA0 80 C5 01                            ADD     CH, 1
    73 00007CA3 80 FD 00                            CMP     CH, CYLS
      >> [ERROR #012] expression error.
    74 00007CA6 72 BD                               JB      readloop
    75 00007CA8                                     
    76 00007CA8 E9 4555                             JMP     0xC200
    77 00007CAB                                 
    78 00007CAB                                 fin:
    79 00007CAB F4                              	HLT
    80 00007CAC EB FD                           	JMP		fin
    81 00007CAE                                     
    82 00007CAE                                 error:
    83 00007CAE B8 0000                             MOV     AX, 0
    84 00007CB1 8E C0                               MOV     ES, AX
    85 00007CB3 BE 7CC8                             MOV     SI, msg
    86 00007CB6                                 
    87 00007CB6                                 putloop:
    88 00007CB6 8A 04                           	MOV		AL, [SI]
    89 00007CB8 83 C6 01                        	ADD		SI, 1
    90 00007CBB 3C 00                           	CMP		AL, 0
    91 00007CBD 74 EC                           	JE		fin
    92 00007CBF B4 0E                           	MOV		AH, 0x0E
    93 00007CC1 BB 000F                         	MOV		BX, 15
    94 00007CC4 CD 10                           	INT		0x10
    95 00007CC6 EB EE                           	JMP		putloop
    96 00007CC8                                 
    97 00007CC8                                 msg:
    98 00007CC8 0A 0A                           	DB		0x0A, 0x0A
    99 00007CCA 6C 6F 61 64 20 65 72 72 6F 72   	DB		"load error"
   100 00007CD4 0A                              	DB		0x0A
   101 00007CD5 00                              	DB		0
   102 00007CD6                                 
   103 00007CD6 00 00 00 00 00 00 00 00 00 00   	RESB	0x7DFE-$
       00007CE0 00 00 00 00 00 00 00 00 00 00 
       00007CEA 00 00 00 00 00 00 00 00 00 00 
       00007CF4 00 00 00 00 00 00 00 00 00 00 
       00007CFE 00 00 00 00 00 00 00 00 00 00 
       00007D08 00 00 00 00 00 00 00 00 00 00 
       00007D12 00 00 00 00 00 00 00 00 00 00 
       00007D1C 00 00 00 00 00 00 00 00 00 00 
       00007D26 00 00 00 00 00 00 00 00 00 00 
       00007D30 00 00 00 00 00 00 00 00 00 00 
       00007D3A 00 00 00 00 00 00 00 00 00 00 
       00007D44 00 00 00 00 00 00 00 00 00 00 
       00007D4E 00 00 00 00 00 00 00 00 00 00 
       00007D58 00 00 00 00 00 00 00 00 00 00 
       00007D62 00 00 00 00 00 00 00 00 00 00 
       00007D6C 00 00 00 00 00 00 00 00 00 00 
       00007D76 00 00 00 00 00 00 00 00 00 00 
       00007D80 00 00 00 00 00 00 00 00 00 00 
       00007D8A 00 00 00 00 00 00 00 00 00 00 
       00007D94 00 00 00 00 00 00 00 00 00 00 
       00007D9E 00 00 00 00 00 00 00 00 00 00 
       00007DA8 00 00 00 00 00 00 00 00 00 00 
       00007DB2 00 00 00 00 00 00 00 00 00 00 
       00007DBC 00 00 00 00 00 00 00 00 00 00 
       00007DC6 00 00 00 00 00 00 00 00 00 00 
       00007DD0 00 00 00 00 00 00 00 00 00 00 
       00007DDA 00 00 00 00 00 00 00 00 00 00 
       00007DE4 00 00 00 00 00 00 00 00 00 00 
       00007DEE 00 00 00 00 00 00 00 00 00 00 
       00007DF8 00 00 00 00 00 00 
   104 00007DFE                                 
   105 00007DFE 55 AA                           	DB		0x55, 0xAA