     1 00000000                                 ; naskfunc
     2 00000000                                 ; TAB=4
     3 00000000                                 
     4 00000000                                 [FORMAT "WCOFF"]
     5 00000000                                 [INSTRSET "i486p"]
     6 00000000                                 [BITS 32]
     7 00000000                                 [FILE "naskfunc.nas"]
     8 00000000                                 
     9 00000000                                     GLOBAL  _io_hlt, _io_cli, _io_sti, _io_stihlt
    10 00000000                                     GLOBAL  _io_in8, _io_in16, _io_in32
    11 00000000                                     GLOBAL  _io_out8, _io_out16, _io_out32
    12 00000000                                     GLOBAL  _io_load_eflags, _io_store_eflags
    13 00000000                                     GLOBAL  _load_gdtr, _load_idtr
    14 00000000                                     GLOBAL  _asm_inthandler21, _asm_inthandler2c
    15 00000000                                     EXTERN  _inthandler21, _inthandler2c
    16 00000000                                     
    17                                          [SECTION .text]
    18 00000000                                 
    19 00000000                                 _io_hlt:
    20 00000000 F4                                  HLT
    21 00000001 C3                                  RET
    22 00000002                                 
    23 00000002                                 _io_cli:
    24 00000002 FA                                  CLI
    25 00000003 C3                                  RET
    26 00000004                                     
    27 00000004                                 _io_sti:
    28 00000004 FB                                  STI
    29 00000005 C3                                  RET
    30 00000006                                     
    31 00000006                                 _io_stihlt:
    32 00000006 FB                                  STI
    33 00000007 F4                                  HLT
    34 00000008 C3                                  RET
    35 00000009                                     
    36 00000009                                 _io_in8:
    37 00000009 8B 54 24 04                         MOV     EDX, [ESP+4]
    38 0000000D B8 00000000                         MOV     EAX, 0
    39 00000012 EC                                  IN      AL, DX
    40 00000013 C3                                  RET
    41 00000014                                     
    42 00000014                                 _io_in16:
    43 00000014 8B 54 24 04                         MOV     EDX, [ESP+4]
    44 00000018 B8 00000000                         MOV     EAX, 0
    45 0000001D 66 ED                               IN      AX, DX
    46 0000001F C3                                  RET
    47 00000020                                     
    48 00000020                                 _io_in32:
    49 00000020 8B 54 24 04                         MOV     EDX, [ESP+4]
    50 00000024 ED                                  IN      EAX, DX
    51 00000025 C3                                  RET
    52 00000026                                     
    53 00000026                                 _io_out8
    54 00000026 8B 54 24 04                         MOV     EDX, [ESP+4]
    55 0000002A 8A 44 24 08                         MOV     AL, [ESP+8]
    56 0000002E EE                                  OUT     DX, AL
    57 0000002F C3                                  RET
    58 00000030                                     
    59 00000030                                 _io_out16
    60 00000030 8B 54 24 04                         MOV     EDX, [ESP+4]
    61 00000034 66 8B 44 24 08                      MOV     AX, [ESP+8]
    62 00000039 66 EF                               OUT     DX, AX
    63 0000003B C3                                  RET
    64 0000003C                                     
    65 0000003C                                 _io_out32
    66 0000003C 8B 54 24 04                         MOV     EDX, [ESP+4]
    67 00000040 8B 44 24 08                         MOV     EAX, [ESP+8]
    68 00000044 EF                                  OUT     DX, EAX
    69 00000045 C3                                  RET
    70 00000046                                     
    71 00000046                                 _io_load_eflags:
    72 00000046 9C                                  PUSHFD
    73 00000047 58                                  POP     EAX
    74 00000048 C3                                  RET
    75 00000049                                     
    76 00000049                                 _io_store_eflags:
    77 00000049 8B 44 24 04                         MOV     EAX, [ESP+4]
    78 0000004D 50                                  PUSH    EAX
    79 0000004E 9D                                  POPFD
    80 0000004F C3                                  RET
    81 00000050                                     
    82 00000050                                 _load_gdtr:
    83 00000050 66 8B 44 24 04                      MOV     AX, [ESP+4]
    84 00000055 66 89 44 24 06                      MOV     [ESP+6], AX
    85 0000005A 0F 01 54 24 06                      LGDT    [ESP+6]
    86 0000005F C3                                  RET
    87 00000060                                     
    88 00000060                                 _load_idtr:
    89 00000060 66 8B 44 24 04                      MOV     AX, [ESP+4]
    90 00000065 66 89 44 24 06                      MOV     [ESP+6], AX
    91 0000006A 0F 01 5C 24 06                      LIDT    [ESP+6]
    92 0000006F C3                                  RET
    93 00000070                                     
    94 00000070                                 _asm_inthandler21:
    95 00000070 06                                  PUSH    ES
    96 00000071 1E                                  PUSH    DS
    97 00000072 60                                  PUSHAD
    98 00000073 89 E0                               MOV     EAX, ESP
    99 00000075 50                                  PUSH    EAX
   100 00000076 66 8C D0                            MOV     AX, SS
   101 00000079 8E D8                               MOV     DS, AX
   102 0000007B 8E C0                               MOV     ES, AX
   103 0000007D E8 [00000000]                       CALL    _inthandler21
   104 00000082 58                                  POP     EAX
   105 00000083 61                                  POPAD
   106 00000084 1F                                  POP     DS
   107 00000085 07                                  POP     ES
   108 00000086 CF                                  IRETD
   109 00000087                                     
   110 00000087                                 _asm_inthandler2c:
   111 00000087 06                                  PUSH    ES
   112 00000088 1E                                  PUSH    DS
   113 00000089 60                                  PUSHAD
   114 0000008A 89 E0                               MOV     EAX, ESP
   115 0000008C 50                                  PUSH    EAX
   116 0000008D 66 8C D0                            MOV     AX, SS
   117 00000090 8E D8                               MOV     DS, AX
   118 00000092 8E C0                               MOV     ES, AX
   119 00000094 E8 [00000000]                       CALL    _inthandler2c
   120 00000099 58                                  POP     EAX
   121 0000009A 61                                  POPAD
   122 0000009B 1F                                  POP     DS
   123 0000009C 07                                  POP     ES
   124 0000009D CF                                  IRETD