     1 00000000                                 [FORMAT "WCOFF"]
     2 00000000                                 [INSTRSET "i486p"]
     3 00000000                                 [OPTIMIZE 1]
     4 00000000                                 [OPTION 1]
     5 00000000                                 [BITS 32]
     6 00000000                                 	EXTERN	_memman_alloc_4k
     7 00000000                                 [FILE "sheet.c"]
     8                                          [SECTION .text]
     9 00000000                                 	GLOBAL	_shtctl_init
    10 00000000                                 _shtctl_init:
    11 00000000 55                              	PUSH	EBP
    12 00000001 89 E5                           	MOV	EBP,ESP
    13 00000003 68 00002410                     	PUSH	9232
    14 00000008 FF 75 08                        	PUSH	DWORD [8+EBP]
    15 0000000B E8 [00000000]                   	CALL	_memman_alloc_4k
    16 00000010 89 C2                           	MOV	EDX,EAX
    17 00000012 58                              	POP	EAX
    18 00000013 59                              	POP	ECX
    19 00000014 85 D2                           	TEST	EDX,EDX
    20 00000016 74 2F                           	JE	L3
    21 00000018 8B 45 0C                        	MOV	EAX,DWORD [12+EBP]
    22 0000001B B9 000000FF                     	MOV	ECX,255
    23 00000020 89 02                           	MOV	DWORD [EDX],EAX
    24 00000022 8B 45 10                        	MOV	EAX,DWORD [16+EBP]
    25 00000025 89 42 04                        	MOV	DWORD [4+EDX],EAX
    26 00000028 8B 45 14                        	MOV	EAX,DWORD [20+EBP]
    27 0000002B 89 42 08                        	MOV	DWORD [8+EDX],EAX
    28 0000002E 8D 82 0000042C                  	LEA	EAX,DWORD [1068+EDX]
    29 00000034 C7 42 0C FFFFFFFF               	MOV	DWORD [12+EDX],-1
    30 0000003B                                 L8:
    31 0000003B C7 00 00000000                  	MOV	DWORD [EAX],0
    32 00000041 83 C0 20                        	ADD	EAX,32
    33 00000044 49                              	DEC	ECX
    34 00000045 79 F4                           	JNS	L8
    35 00000047                                 L3:
    36 00000047 89 D0                           	MOV	EAX,EDX
    37 00000049 C9                              	LEAVE
    38 0000004A C3                              	RET
    39 0000004B                                 	GLOBAL	_sheet_alloc
    40 0000004B                                 _sheet_alloc:
    41 0000004B 55                              	PUSH	EBP
    42 0000004C 31 D2                           	XOR	EDX,EDX
    43 0000004E 89 E5                           	MOV	EBP,ESP
    44 00000050 8B 45 08                        	MOV	EAX,DWORD [8+EBP]
    45 00000053 05 00000410                     	ADD	EAX,1040
    46 00000058                                 L16:
    47 00000058 83 78 1C 00                     	CMP	DWORD [28+EAX],0
    48 0000005C 74 10                           	JE	L19
    49 0000005E 42                              	INC	EDX
    50 0000005F 83 C0 20                        	ADD	EAX,32
    51 00000062 81 FA 000000FF                  	CMP	EDX,255
    52 00000068 7E EE                           	JLE	L16
    53 0000006A 31 C0                           	XOR	EAX,EAX
    54 0000006C                                 L10:
    55 0000006C 5D                              	POP	EBP
    56 0000006D C3                              	RET
    57 0000006E                                 L19:
    58 0000006E C7 40 1C 00000001               	MOV	DWORD [28+EAX],1
    59 00000075 C7 40 18 FFFFFFFF               	MOV	DWORD [24+EAX],-1
    60 0000007C EB EE                           	JMP	L10
    61 0000007E                                 	GLOBAL	_sheet_setbuf
    62 0000007E                                 _sheet_setbuf:
    63 0000007E 55                              	PUSH	EBP
    64 0000007F 89 E5                           	MOV	EBP,ESP
    65 00000081 8B 55 08                        	MOV	EDX,DWORD [8+EBP]
    66 00000084 8B 45 0C                        	MOV	EAX,DWORD [12+EBP]
    67 00000087 89 02                           	MOV	DWORD [EDX],EAX
    68 00000089 8B 45 10                        	MOV	EAX,DWORD [16+EBP]
    69 0000008C 89 42 04                        	MOV	DWORD [4+EDX],EAX
    70 0000008F 8B 45 14                        	MOV	EAX,DWORD [20+EBP]
    71 00000092 89 42 08                        	MOV	DWORD [8+EDX],EAX
    72 00000095 8B 45 18                        	MOV	EAX,DWORD [24+EBP]
    73 00000098 89 42 14                        	MOV	DWORD [20+EDX],EAX
    74 0000009B 5D                              	POP	EBP
    75 0000009C C3                              	RET
    76 0000009D                                 	GLOBAL	_sheet_updown
    77 0000009D                                 _sheet_updown:
    78 0000009D 55                              	PUSH	EBP
    79 0000009E 89 E5                           	MOV	EBP,ESP
    80 000000A0 57                              	PUSH	EDI
    81 000000A1 56                              	PUSH	ESI
    82 000000A2 8B 75 08                        	MOV	ESI,DWORD [8+EBP]
    83 000000A5 53                              	PUSH	EBX
    84 000000A6 8B 7D 0C                        	MOV	EDI,DWORD [12+EBP]
    85 000000A9 8B 5D 10                        	MOV	EBX,DWORD [16+EBP]
    86 000000AC 8B 56 0C                        	MOV	EDX,DWORD [12+ESI]
    87 000000AF 42                              	INC	EDX
    88 000000B0 8B 47 18                        	MOV	EAX,DWORD [24+EDI]
    89 000000B3 39 D3                           	CMP	EBX,EDX
    90 000000B5 7E 02                           	JLE	L22
    91 000000B7 89 D3                           	MOV	EBX,EDX
    92 000000B9                                 L22:
    93 000000B9 83 FB FF                        	CMP	EBX,-1
    94 000000BC 7D 03                           	JGE	L23
    95 000000BE 83 CB FF                        	OR	EBX,-1
    96 000000C1                                 L23:
    97 000000C1 89 5F 18                        	MOV	DWORD [24+EDI],EBX
    98 000000C4 39 D8                           	CMP	EAX,EBX
    99 000000C6 7E 62                           	JLE	L24
   100 000000C8 85 DB                           	TEST	EBX,EBX
   101 000000CA 78 3B                           	JS	L25
   102 000000CC 89 C1                           	MOV	ECX,EAX
   103 000000CE                                 L30:
   104 000000CE 8B 44 8E 0C                     	MOV	EAX,DWORD [12+ESI+ECX*4]
   105 000000D2 89 44 8E 10                     	MOV	DWORD [16+ESI+ECX*4],EAX
   106 000000D6 89 48 18                        	MOV	DWORD [24+EAX],ECX
   107 000000D9 49                              	DEC	ECX
   108 000000DA 39 D9                           	CMP	ECX,EBX
   109 000000DC 7F F0                           	JG	L30
   110 000000DE                                 L56:
   111 000000DE 89 7C 9E 10                     	MOV	DWORD [16+ESI+EBX*4],EDI
   112 000000E2                                 L46:
   113 000000E2 8B 4F 10                        	MOV	ECX,DWORD [16+EDI]
   114 000000E5 89 C8                           	MOV	EAX,ECX
   115 000000E7 03 47 08                        	ADD	EAX,DWORD [8+EDI]
   116 000000EA 50                              	PUSH	EAX
   117 000000EB 8B 57 0C                        	MOV	EDX,DWORD [12+EDI]
   118 000000EE 89 D0                           	MOV	EAX,EDX
   119 000000F0 03 47 04                        	ADD	EAX,DWORD [4+EDI]
   120 000000F3 50                              	PUSH	EAX
   121 000000F4 51                              	PUSH	ECX
   122 000000F5 52                              	PUSH	EDX
   123 000000F6 56                              	PUSH	ESI
   124 000000F7 E8 000000BF                     	CALL	_sheet_refreshsub
   125 000000FC 83 C4 14                        	ADD	ESP,20
   126 000000FF                                 L21:
   127 000000FF 8D 65 F4                        	LEA	ESP,DWORD [-12+EBP]
   128 00000102 5B                              	POP	EBX
   129 00000103 5E                              	POP	ESI
   130 00000104 5F                              	POP	EDI
   131 00000105 5D                              	POP	EBP
   132 00000106 C3                              	RET
   133 00000107                                 L25:
   134 00000107 8B 56 0C                        	MOV	EDX,DWORD [12+ESI]
   135 0000010A 39 C2                           	CMP	EDX,EAX
   136 0000010C 7E 17                           	JLE	L32
   137 0000010E 89 C1                           	MOV	ECX,EAX
   138 00000110 39 D0                           	CMP	EAX,EDX
   139 00000112 7D 11                           	JGE	L32
   140 00000114                                 L37:
   141 00000114 8B 44 8E 14                     	MOV	EAX,DWORD [20+ESI+ECX*4]
   142 00000118 89 44 8E 10                     	MOV	DWORD [16+ESI+ECX*4],EAX
   143 0000011C 89 48 18                        	MOV	DWORD [24+EAX],ECX
   144 0000011F 41                              	INC	ECX
   145 00000120 3B 4E 0C                        	CMP	ECX,DWORD [12+ESI]
   146 00000123 7C EF                           	JL	L37
   147 00000125                                 L32:
   148 00000125 FF 4E 0C                        	DEC	DWORD [12+ESI]
   149 00000128 EB B8                           	JMP	L46
   150 0000012A                                 L24:
   151 0000012A 39 D8                           	CMP	EAX,EBX
   152 0000012C 7D D1                           	JGE	L21
   153 0000012E 85 C0                           	TEST	EAX,EAX
   154 00000130 78 18                           	JS	L40
   155 00000132 89 C1                           	MOV	ECX,EAX
   156 00000134 39 D8                           	CMP	EAX,EBX
   157 00000136 7D A6                           	JGE	L56
   158 00000138                                 L45:
   159 00000138 8B 44 8E 14                     	MOV	EAX,DWORD [20+ESI+ECX*4]
   160 0000013C 89 44 8E 10                     	MOV	DWORD [16+ESI+ECX*4],EAX
   161 00000140 89 48 18                        	MOV	DWORD [24+EAX],ECX
   162 00000143 41                              	INC	ECX
   163 00000144 39 D9                           	CMP	ECX,EBX
   164 00000146 7C F0                           	JL	L45
   165 00000148 EB 94                           	JMP	L56
   166 0000014A                                 L40:
   167 0000014A 8B 4E 0C                        	MOV	ECX,DWORD [12+ESI]
   168 0000014D 39 D9                           	CMP	ECX,EBX
   169 0000014F 7C 13                           	JL	L58
   170 00000151                                 L51:
   171 00000151 8B 54 8E 10                     	MOV	EDX,DWORD [16+ESI+ECX*4]
   172 00000155 8D 41 01                        	LEA	EAX,DWORD [1+ECX]
   173 00000158 89 54 8E 14                     	MOV	DWORD [20+ESI+ECX*4],EDX
   174 0000015C 49                              	DEC	ECX
   175 0000015D 89 42 18                        	MOV	DWORD [24+EDX],EAX
   176 00000160 39 D9                           	CMP	ECX,EBX
   177 00000162 7D ED                           	JGE	L51
   178 00000164                                 L58:
   179 00000164 89 7C 9E 10                     	MOV	DWORD [16+ESI+EBX*4],EDI
   180 00000168 FF 46 0C                        	INC	DWORD [12+ESI]
   181 0000016B E9 FFFFFF72                     	JMP	L46
   182 00000170                                 	GLOBAL	_sheet_refresh
   183 00000170                                 _sheet_refresh:
   184 00000170 55                              	PUSH	EBP
   185 00000171 89 E5                           	MOV	EBP,ESP
   186 00000173 57                              	PUSH	EDI
   187 00000174 56                              	PUSH	ESI
   188 00000175 53                              	PUSH	EBX
   189 00000176 57                              	PUSH	EDI
   190 00000177 8B 55 0C                        	MOV	EDX,DWORD [12+EBP]
   191 0000017A 8B 45 08                        	MOV	EAX,DWORD [8+EBP]
   192 0000017D 89 45 F0                        	MOV	DWORD [-16+EBP],EAX
   193 00000180 8B 7D 10                        	MOV	EDI,DWORD [16+EBP]
   194 00000183 8B 75 14                        	MOV	ESI,DWORD [20+EBP]
   195 00000186 8B 5D 18                        	MOV	EBX,DWORD [24+EBP]
   196 00000189 8B 45 1C                        	MOV	EAX,DWORD [28+EBP]
   197 0000018C 83 7A 18 00                     	CMP	DWORD [24+EDX],0
   198 00000190 78 23                           	JS	L59
   199 00000192 8B 4A 10                        	MOV	ECX,DWORD [16+EDX]
   200 00000195 8B 52 0C                        	MOV	EDX,DWORD [12+EDX]
   201 00000198 8D 04 08                        	LEA	EAX,DWORD [EAX+ECX*1]
   202 0000019B 01 F1                           	ADD	ECX,ESI
   203 0000019D 89 45 18                        	MOV	DWORD [24+EBP],EAX
   204 000001A0 89 4D 10                        	MOV	DWORD [16+EBP],ECX
   205 000001A3 8D 04 13                        	LEA	EAX,DWORD [EBX+EDX*1]
   206 000001A6 01 FA                           	ADD	EDX,EDI
   207 000001A8 89 45 14                        	MOV	DWORD [20+EBP],EAX
   208 000001AB 89 55 0C                        	MOV	DWORD [12+EBP],EDX
   209 000001AE 5E                              	POP	ESI
   210 000001AF 5B                              	POP	EBX
   211 000001B0 5E                              	POP	ESI
   212 000001B1 5F                              	POP	EDI
   213 000001B2 5D                              	POP	EBP
   214 000001B3 EB 06                           	JMP	_sheet_refreshsub
   215 000001B5                                 L59:
   216 000001B5 5B                              	POP	EBX
   217 000001B6 5B                              	POP	EBX
   218 000001B7 5E                              	POP	ESI
   219 000001B8 5F                              	POP	EDI
   220 000001B9 5D                              	POP	EBP
   221 000001BA C3                              	RET
   222 000001BB                                 	GLOBAL	_sheet_refreshsub
   223 000001BB                                 _sheet_refreshsub:
   224 000001BB 55                              	PUSH	EBP
   225 000001BC 31 D2                           	XOR	EDX,EDX
   226 000001BE 89 E5                           	MOV	EBP,ESP
   227 000001C0 57                              	PUSH	EDI
   228 000001C1 56                              	PUSH	ESI
   229 000001C2 53                              	PUSH	EBX
   230 000001C3 83 EC 24                        	SUB	ESP,36
   231 000001C6 8B 45 08                        	MOV	EAX,DWORD [8+EBP]
   232 000001C9 8B 4D 08                        	MOV	ECX,DWORD [8+EBP]
   233 000001CC C7 45 F0 00000000               	MOV	DWORD [-16+EBP],0
   234 000001D3 8B 00                           	MOV	EAX,DWORD [EAX]
   235 000001D5 3B 51 0C                        	CMP	EDX,DWORD [12+ECX]
   236 000001D8 89 45 DC                        	MOV	DWORD [-36+EBP],EAX
   237 000001DB 0F 8F 000000AB                  	JG	L83
   238 000001E1                                 L81:
   239 000001E1 8B 75 F0                        	MOV	ESI,DWORD [-16+EBP]
   240 000001E4 8B 45 08                        	MOV	EAX,DWORD [8+EBP]
   241 000001E7 8B 7D 14                        	MOV	EDI,DWORD [20+EBP]
   242 000001EA 8B 54 B0 10                     	MOV	EDX,DWORD [16+EAX+ESI*4]
   243 000001EE 8B 75 18                        	MOV	ESI,DWORD [24+EBP]
   244 000001F1 2B 72 10                        	SUB	ESI,DWORD [16+EDX]
   245 000001F4 2B 7A 0C                        	SUB	EDI,DWORD [12+EDX]
   246 000001F7 8B 0A                           	MOV	ECX,DWORD [EDX]
   247 000001F9 8B 42 04                        	MOV	EAX,DWORD [4+EDX]
   248 000001FC 89 4D E0                        	MOV	DWORD [-32+EBP],ECX
   249 000001FF 89 75 D0                        	MOV	DWORD [-48+EBP],ESI
   250 00000202 39 C7                           	CMP	EDI,EAX
   251 00000204 7E 02                           	JLE	L68
   252 00000206 89 C7                           	MOV	EDI,EAX
   253 00000208                                 L68:
   254 00000208 8B 42 08                        	MOV	EAX,DWORD [8+EDX]
   255 0000020B 39 45 D0                        	CMP	DWORD [-48+EBP],EAX
   256 0000020E 7E 03                           	JLE	L69
   257 00000210 89 45 D0                        	MOV	DWORD [-48+EBP],EAX
   258 00000213                                 L69:
   259 00000213 C7 45 EC 00000000               	MOV	DWORD [-20+EBP],0
   260 0000021A 8B 45 D0                        	MOV	EAX,DWORD [-48+EBP]
   261 0000021D 39 45 EC                        	CMP	DWORD [-20+EBP],EAX
   262 00000220 7D 58                           	JGE	L85
   263 00000222                                 L80:
   264 00000222 8B 4D EC                        	MOV	ECX,DWORD [-20+EBP]
   265 00000225 31 DB                           	XOR	EBX,EBX
   266 00000227 03 4A 10                        	ADD	ECX,DWORD [16+EDX]
   267 0000022A 39 FB                           	CMP	EBX,EDI
   268 0000022C 89 4D E4                        	MOV	DWORD [-28+EBP],ECX
   269 0000022F 7D 3E                           	JGE	L87
   270 00000231                                 L79:
   271 00000231 8B 45 EC                        	MOV	EAX,DWORD [-20+EBP]
   272 00000234 8B 72 0C                        	MOV	ESI,DWORD [12+EDX]
   273 00000237 0F AF 42 04                     	IMUL	EAX,DWORD [4+EDX]
   274 0000023B 01 DE                           	ADD	ESI,EBX
   275 0000023D 8D 0C 03                        	LEA	ECX,DWORD [EBX+EAX*1]
   276 00000240 89 75 E8                        	MOV	DWORD [-24+EBP],ESI
   277 00000243 8B 45 E0                        	MOV	EAX,DWORD [-32+EBP]
   278 00000246 8A 0C 01                        	MOV	CL,BYTE [ECX+EAX*1]
   279 00000249 0F B6 C1                        	MOVZX	EAX,CL
   280 0000024C 88 4D D7                        	MOV	BYTE [-41+EBP],CL
   281 0000024F 3B 42 14                        	CMP	EAX,DWORD [20+EDX]
   282 00000252 74 16                           	JE	L76
   283 00000254 8B 4D 08                        	MOV	ECX,DWORD [8+EBP]
   284 00000257 8B 75 E4                        	MOV	ESI,DWORD [-28+EBP]
   285 0000025A 8A 45 D7                        	MOV	AL,BYTE [-41+EBP]
   286 0000025D 0F AF 71 04                     	IMUL	ESI,DWORD [4+ECX]
   287 00000261 03 75 E8                        	ADD	ESI,DWORD [-24+EBP]
   288 00000264 8B 4D DC                        	MOV	ECX,DWORD [-36+EBP]
   289 00000267 88 04 0E                        	MOV	BYTE [ESI+ECX*1],AL
   290 0000026A                                 L76:
   291 0000026A 43                              	INC	EBX
   292 0000026B 39 FB                           	CMP	EBX,EDI
   293 0000026D 7C C2                           	JL	L79
   294 0000026F                                 L87:
   295 0000026F 8B 75 D0                        	MOV	ESI,DWORD [-48+EBP]
   296 00000272 FF 45 EC                        	INC	DWORD [-20+EBP]
   297 00000275 39 75 EC                        	CMP	DWORD [-20+EBP],ESI
   298 00000278 7C A8                           	JL	L80
   299 0000027A                                 L85:
   300 0000027A 8B 55 08                        	MOV	EDX,DWORD [8+EBP]
   301 0000027D FF 45 F0                        	INC	DWORD [-16+EBP]
   302 00000280 8B 45 F0                        	MOV	EAX,DWORD [-16+EBP]
   303 00000283 3B 42 0C                        	CMP	EAX,DWORD [12+EDX]
   304 00000286 0F 8E FFFFFF55                  	JLE	L81
   305 0000028C                                 L83:
   306 0000028C 83 C4 24                        	ADD	ESP,36
   307 0000028F 5B                              	POP	EBX
   308 00000290 5E                              	POP	ESI
   309 00000291 5F                              	POP	EDI
   310 00000292 5D                              	POP	EBP
   311 00000293 C3                              	RET
   312 00000294                                 	GLOBAL	_sheet_slide
   313 00000294                                 _sheet_slide:
   314 00000294 55                              	PUSH	EBP
   315 00000295 89 E5                           	MOV	EBP,ESP
   316 00000297 57                              	PUSH	EDI
   317 00000298 56                              	PUSH	ESI
   318 00000299 53                              	PUSH	EBX
   319 0000029A 8B 7D 10                        	MOV	EDI,DWORD [16+EBP]
   320 0000029D 8B 5D 0C                        	MOV	EBX,DWORD [12+EBP]
   321 000002A0 8B 75 14                        	MOV	ESI,DWORD [20+EBP]
   322 000002A3 8B 4B 0C                        	MOV	ECX,DWORD [12+EBX]
   323 000002A6 8B 53 10                        	MOV	EDX,DWORD [16+EBX]
   324 000002A9 89 7B 0C                        	MOV	DWORD [12+EBX],EDI
   325 000002AC 89 73 10                        	MOV	DWORD [16+EBX],ESI
   326 000002AF 83 7B 18 00                     	CMP	DWORD [24+EBX],0
   327 000002B3 78 2F                           	JS	L88
   328 000002B5 89 D0                           	MOV	EAX,EDX
   329 000002B7 03 43 08                        	ADD	EAX,DWORD [8+EBX]
   330 000002BA 50                              	PUSH	EAX
   331 000002BB 89 C8                           	MOV	EAX,ECX
   332 000002BD 03 43 04                        	ADD	EAX,DWORD [4+EBX]
   333 000002C0 50                              	PUSH	EAX
   334 000002C1 52                              	PUSH	EDX
   335 000002C2 51                              	PUSH	ECX
   336 000002C3 FF 75 08                        	PUSH	DWORD [8+EBP]
   337 000002C6 E8 FFFFFEF0                     	CALL	_sheet_refreshsub
   338 000002CB 89 F0                           	MOV	EAX,ESI
   339 000002CD 03 43 08                        	ADD	EAX,DWORD [8+EBX]
   340 000002D0 50                              	PUSH	EAX
   341 000002D1 89 F8                           	MOV	EAX,EDI
   342 000002D3 03 43 04                        	ADD	EAX,DWORD [4+EBX]
   343 000002D6 50                              	PUSH	EAX
   344 000002D7 56                              	PUSH	ESI
   345 000002D8 57                              	PUSH	EDI
   346 000002D9 FF 75 08                        	PUSH	DWORD [8+EBP]
   347 000002DC E8 FFFFFEDA                     	CALL	_sheet_refreshsub
   348 000002E1 83 C4 28                        	ADD	ESP,40
   349 000002E4                                 L88:
   350 000002E4 8D 65 F4                        	LEA	ESP,DWORD [-12+EBP]
   351 000002E7 5B                              	POP	EBX
   352 000002E8 5E                              	POP	ESI
   353 000002E9 5F                              	POP	EDI
   354 000002EA 5D                              	POP	EBP
   355 000002EB C3                              	RET
   356 000002EC                                 	GLOBAL	_sheet_free
   357 000002EC                                 _sheet_free:
   358 000002EC 55                              	PUSH	EBP
   359 000002ED 89 E5                           	MOV	EBP,ESP
   360 000002EF 53                              	PUSH	EBX
   361 000002F0 8B 5D 0C                        	MOV	EBX,DWORD [12+EBP]
   362 000002F3 83 7B 18 00                     	CMP	DWORD [24+EBX],0
   363 000002F7 78 0E                           	JS	L91
   364 000002F9 6A FF                           	PUSH	-1
   365 000002FB 53                              	PUSH	EBX
   366 000002FC FF 75 08                        	PUSH	DWORD [8+EBP]
   367 000002FF E8 FFFFFD99                     	CALL	_sheet_updown
   368 00000304 83 C4 0C                        	ADD	ESP,12
   369 00000307                                 L91:
   370 00000307 C7 43 1C 00000000               	MOV	DWORD [28+EBX],0
   371 0000030E 8B 5D FC                        	MOV	EBX,DWORD [-4+EBP]
   372 00000311 C9                              	LEAVE
   373 00000312 C3                              	RET
